2020-10-16 11:47:16.228  INFO 4732 --- [main] com.whynotyue.community.LoggerTests      : Starting LoggerTests on CaiYue-Partner with PID 4732 (started by 74431 in C:\code\workspace\community)
2020-10-16 11:47:16.230 DEBUG 4732 --- [main] com.whynotyue.community.LoggerTests      : Running with Spring Boot v2.3.3.RELEASE, Spring v5.2.8.RELEASE
2020-10-16 11:47:16.231  INFO 4732 --- [main] com.whynotyue.community.LoggerTests      : No active profile set, falling back to default profiles: default
2020-10-16 11:47:19.886  INFO 4732 --- [main] o.s.s.concurrent.ThreadPoolTaskExecutor  : Initializing ExecutorService 'applicationTaskExecutor'
2020-10-16 11:47:20.167  INFO 4732 --- [main] o.s.b.a.w.s.WelcomePageHandlerMapping    : Adding welcome page template: index
2020-10-16 11:47:20.873  INFO 4732 --- [main] com.whynotyue.community.LoggerTests      : Started LoggerTests in 5.281 seconds (JVM running for 7.463)
2020-10-16 11:47:21.767 DEBUG 4732 --- [main] com.whynotyue.community.LoggerTests      : debug string
2020-10-16 11:47:21.768  INFO 4732 --- [main] com.whynotyue.community.LoggerTests      : info string
2020-10-16 11:47:21.769  WARN 4732 --- [main] com.whynotyue.community.LoggerTests      : warn string
2020-10-16 11:47:21.770 ERROR 4732 --- [main] com.whynotyue.community.LoggerTests      : error string
2020-10-16 11:47:21.788  INFO 4732 --- [SpringContextShutdownHook] o.s.s.concurrent.ThreadPoolTaskExecutor  : Shutting down ExecutorService 'applicationTaskExecutor'
2020-10-16 11:48:08.048  INFO 1208 --- [main] com.whynotyue.community.LoggerTests      : Starting LoggerTests on CaiYue-Partner with PID 1208 (started by 74431 in C:\code\workspace\community)
2020-10-16 11:48:08.051 DEBUG 1208 --- [main] com.whynotyue.community.LoggerTests      : Running with Spring Boot v2.3.3.RELEASE, Spring v5.2.8.RELEASE
2020-10-16 11:48:08.052  INFO 1208 --- [main] com.whynotyue.community.LoggerTests      : No active profile set, falling back to default profiles: default
2020-10-16 11:48:11.712  INFO 1208 --- [main] o.s.s.concurrent.ThreadPoolTaskExecutor  : Initializing ExecutorService 'applicationTaskExecutor'
2020-10-16 11:48:11.936  INFO 1208 --- [main] o.s.b.a.w.s.WelcomePageHandlerMapping    : Adding welcome page template: index
2020-10-16 11:48:12.646  INFO 1208 --- [main] com.whynotyue.community.LoggerTests      : Started LoggerTests in 5.319 seconds (JVM running for 7.489)
2020-10-16 11:48:13.541 DEBUG 1208 --- [main] com.whynotyue.community.LoggerTests      : debug string
2020-10-16 11:48:13.542  INFO 1208 --- [main] com.whynotyue.community.LoggerTests      : info string
2020-10-16 11:48:13.542  WARN 1208 --- [main] com.whynotyue.community.LoggerTests      : warn string
2020-10-16 11:48:13.542 ERROR 1208 --- [main] com.whynotyue.community.LoggerTests      : error string
2020-10-16 11:48:13.560  INFO 1208 --- [SpringContextShutdownHook] o.s.s.concurrent.ThreadPoolTaskExecutor  : Shutting down ExecutorService 'applicationTaskExecutor'
